------------------------------------------------------------
/Users/kawasetakumi/projects/python/bin/pip run on Fri Mar 20 09:56:46 2015
Downloading/unpacking Miniconda
  Getting page https://pypi.python.org/simple/Miniconda/
  Could not fetch URL https://pypi.python.org/simple/Miniconda/: 404 Client Error: Not Found
  Will skip URL https://pypi.python.org/simple/Miniconda/ when looking for download links for Miniconda
  Getting page https://pypi.python.org/simple/
  URLs to search for versions for Miniconda:
  * https://pypi.python.org/simple/Miniconda/
  Getting page https://pypi.python.org/simple/Miniconda/
  Could not fetch URL https://pypi.python.org/simple/Miniconda/: 404 Client Error: Not Found
  Will skip URL https://pypi.python.org/simple/Miniconda/ when looking for download links for Miniconda
  Could not find any downloads that satisfy the requirement Miniconda
Cleaning up...
  Removing temporary dir /Users/kawasetakumi/projects/python/build...
No distributions at all found for Miniconda
Exception information:
Traceback (most recent call last):
  File "/Users/kawasetakumi/projects/python/lib/python3.4/site-packages/pip/basecommand.py", line 122, in main
    status = self.run(options, args)
  File "/Users/kawasetakumi/projects/python/lib/python3.4/site-packages/pip/commands/install.py", line 278, in run
    requirement_set.prepare_files(finder, force_root_egg_info=self.bundle, bundle=self.bundle)
  File "/Users/kawasetakumi/projects/python/lib/python3.4/site-packages/pip/req.py", line 1177, in prepare_files
    url = finder.find_requirement(req_to_install, upgrade=self.upgrade)
  File "/Users/kawasetakumi/projects/python/lib/python3.4/site-packages/pip/index.py", line 277, in find_requirement
    raise DistributionNotFound('No distributions at all found for %s' % req)
pip.exceptions.DistributionNotFound: No distributions at all found for Miniconda
